Vivado Simulator 2016.2
Copyright 1986-1999, 2001-2016 Xilinx, Inc. All Rights Reserved.
Running: C:/Xilinx/Vivado/2016.2/bin/unwrapped/win64.o/xelab.exe -wto a79a08d4340d426799d4d4234e9214d5 --debug typical --relax --mt 2 --maxdelay -L xil_defaultlib -L simprims_ver -L secureip --snapshot cpu_tb_time_synth -transport_int_delays -pulse_r 0 -pulse_int_r 0 xil_defaultlib.cpu_tb xil_defaultlib.glbl -log elaborate.log 
Using 2 slave threads.
Starting static elaboration
Completed static elaboration
Starting simulation data flow analysis
Completed simulation data flow analysis
INFO: [XSIM 43-3451] SDF backannotation process started with SDF file "cpu_tb_time_synth.sdf", for root module "cpu_tb/sc_inst".
INFO: [XSIM 43-3452] SDF backannotation was successful for SDF file "cpu_tb_time_synth.sdf", for root module "cpu_tb/sc_inst".
Time Resolution for simulation is 1ps
Compiling module simprims_ver.GND
Compiling module simprims_ver.LUT6
Compiling module simprims_ver.x_lut3_mux4
Compiling module simprims_ver.x_lut3_mux4_reduced_0
Compiling module simprims_ver.LUT3
Compiling module simprims_ver.MUXF7
Compiling module simprims_ver.LUT4
Compiling module simprims_ver.LUT5
Compiling module simprims_ver.MUXF8
Compiling module simprims_ver.x_lut2_mux4
Compiling module simprims_ver.LUT2
Compiling module xil_defaultlib.dist_mem_gen_0_rom
Compiling module xil_defaultlib.dist_mem_gen_0_dist_mem_gen_v8_0...
Compiling module xil_defaultlib.dist_mem_gen_0_dist_mem_gen_v8_0...
Compiling module xil_defaultlib.dist_mem_gen_0
Compiling module xil_defaultlib.IMEM
Compiling module simprims_ver.BUFG
Compiling module simprims_ver.IBUF
Compiling module simprims_ver.RAMS32(IS_CLK_INVERTED=1'b1)
Compiling module xil_defaultlib.RAM32X1S_UNIQ_BASE_
Compiling module xil_defaultlib.RAM32X1S_HD1
Compiling module xil_defaultlib.RAM32X1S_HD2
Compiling module xil_defaultlib.RAM32X1S_HD3
Compiling module xil_defaultlib.RAM32X1S_HD4
Compiling module xil_defaultlib.RAM32X1S_HD5
Compiling module xil_defaultlib.RAM32X1S_HD6
Compiling module xil_defaultlib.RAM32X1S_HD7
Compiling module xil_defaultlib.RAM32X1S_HD8
Compiling module xil_defaultlib.RAM32X1S_HD9
Compiling module xil_defaultlib.RAM32X1S_HD10
Compiling module xil_defaultlib.RAM32X1S_HD11
Compiling module xil_defaultlib.RAM32X1S_HD12
Compiling module xil_defaultlib.RAM32X1S_HD13
Compiling module xil_defaultlib.RAM32X1S_HD14
Compiling module xil_defaultlib.RAM32X1S_HD15
Compiling module xil_defaultlib.RAM32X1S_HD16
Compiling module xil_defaultlib.RAM32X1S_HD17
Compiling module xil_defaultlib.RAM32X1S_HD18
Compiling module xil_defaultlib.RAM32X1S_HD19
Compiling module xil_defaultlib.RAM32X1S_HD20
Compiling module xil_defaultlib.RAM32X1S_HD21
Compiling module xil_defaultlib.RAM32X1S_HD22
Compiling module xil_defaultlib.RAM32X1S_HD23
Compiling module xil_defaultlib.RAM32X1S_HD24
Compiling module xil_defaultlib.RAM32X1S_HD25
Compiling module xil_defaultlib.RAM32X1S_HD26
Compiling module xil_defaultlib.RAM32X1S_HD27
Compiling module xil_defaultlib.RAM32X1S_HD28
Compiling module xil_defaultlib.RAM32X1S_HD29
Compiling module xil_defaultlib.RAM32X1S_HD30
Compiling module xil_defaultlib.RAM32X1S_HD31
Compiling module xil_defaultlib.DMEM
Compiling module simprims_ver.OBUF
Compiling module simprims_ver.CARRY4
Compiling module simprims_ver.x_lut1_mux2
Compiling module simprims_ver.LUT1
Compiling module simprims_ver.sffsrce_fdre
Compiling module simprims_ver.FDRE(IS_C_INVERTED=1'b1)
Compiling module simprims_ver.sffsrce_fdse
Compiling module simprims_ver.FDSE(IS_C_INVERTED=1'b1)
Compiling module xil_defaultlib.PC
Compiling module xil_defaultlib.regfile
Compiling module xil_defaultlib.CPU
Compiling module xil_defaultlib.sccomp_dataflow
Compiling module xil_defaultlib.cpu_tb
Compiling module xil_defaultlib.glbl
Built simulation snapshot cpu_tb_time_synth
