
*** Running vivado
    with args -log sccomp_dataflow.vds -m64 -mode batch -messageDb vivado.pb -notrace -source sccomp_dataflow.tcl


****** Vivado v2016.2 (64-bit)
  **** SW Build 1577090 on Thu Jun  2 16:32:40 MDT 2016
  **** IP Build 1577682 on Fri Jun  3 12:00:54 MDT 2016
    ** Copyright 1986-2016 Xilinx, Inc. All Rights Reserved.

source sccomp_dataflow.tcl -notrace
Command: synth_design -top sccomp_dataflow -part xc7a100tcsg324-1
Starting synth_design
Attempting to get a license for feature 'Synthesis' and/or device 'xc7a100t'
INFO: [Common 17-349] Got license for feature 'Synthesis' and/or device 'xc7a100t'
INFO: Launching helper process for spawning children vivado processes
INFO: Helper process launched with PID 20432 
---------------------------------------------------------------------------------
Starting RTL Elaboration : Time (s): cpu = 00:00:04 ; elapsed = 00:00:09 . Memory (MB): peak = 305.875 ; gain = 98.707
---------------------------------------------------------------------------------
INFO: [Synth 8-638] synthesizing module 'sccomp_dataflow' [D:/My_31CPU_pre/My_31CPU_pre.srcs/sources_1/new/sccomp_dataflow.v:23]
INFO: [Synth 8-638] synthesizing module 'IMEM' [D:/My_31CPU_pre/My_31CPU_pre.srcs/sources_1/new/IMEM.v:22]
INFO: [Synth 8-638] synthesizing module 'dist_mem_gen_0' [D:/My_31CPU_pre/My_31CPU_pre.runs/synth_1/.Xil/Vivado-46316-LAPTOP-0BFPH7CU/realtime/dist_mem_gen_0_stub.v:6]
INFO: [Synth 8-256] done synthesizing module 'dist_mem_gen_0' (1#1) [D:/My_31CPU_pre/My_31CPU_pre.runs/synth_1/.Xil/Vivado-46316-LAPTOP-0BFPH7CU/realtime/dist_mem_gen_0_stub.v:6]
INFO: [Synth 8-256] done synthesizing module 'IMEM' (2#1) [D:/My_31CPU_pre/My_31CPU_pre.srcs/sources_1/new/IMEM.v:22]
INFO: [Synth 8-638] synthesizing module 'DMEM' [D:/My_31CPU_pre/My_31CPU_pre.srcs/sources_1/new/DMEM.v:23]
INFO: [Synth 8-256] done synthesizing module 'DMEM' (3#1) [D:/My_31CPU_pre/My_31CPU_pre.srcs/sources_1/new/DMEM.v:23]
INFO: [Synth 8-638] synthesizing module 'CPU' [D:/My_31CPU_pre/My_31CPU_pre.srcs/sources_1/new/CPU.v:25]
INFO: [Synth 8-638] synthesizing module 'Decoder' [D:/My_31CPU_pre/My_31CPU_pre.srcs/sources_1/new/Decoder.v:22]
INFO: [Synth 8-256] done synthesizing module 'Decoder' (4#1) [D:/My_31CPU_pre/My_31CPU_pre.srcs/sources_1/new/Decoder.v:22]
INFO: [Synth 8-638] synthesizing module 'Controler' [D:/My_31CPU_pre/My_31CPU_pre.srcs/sources_1/new/Controler.v:23]
INFO: [Synth 8-256] done synthesizing module 'Controler' (5#1) [D:/My_31CPU_pre/My_31CPU_pre.srcs/sources_1/new/Controler.v:23]
INFO: [Synth 8-638] synthesizing module 'ALU' [D:/My_31CPU_pre/My_31CPU_pre.srcs/sources_1/new/ALU.v:23]
	Parameter ADD bound to: 5'b00000 
	Parameter ADDU bound to: 5'b00001 
	Parameter SUB bound to: 5'b00010 
	Parameter SUBU bound to: 5'b00011 
	Parameter AND bound to: 5'b00100 
	Parameter OR bound to: 5'b00101 
	Parameter XOR bound to: 5'b00110 
	Parameter NOR bound to: 5'b00111 
	Parameter SLT bound to: 5'b01000 
	Parameter SLTU bound to: 5'b01001 
	Parameter SLL bound to: 5'b01010 
	Parameter SRL bound to: 5'b01011 
	Parameter SRA bound to: 5'b01100 
	Parameter SLLV bound to: 5'b01101 
	Parameter SRLV bound to: 5'b01110 
	Parameter SRAV bound to: 5'b01111 
	Parameter JR bound to: 5'b10000 
	Parameter ADDI bound to: 5'b10001 
	Parameter ADDIU bound to: 5'b10010 
	Parameter ANDI bound to: 5'b10011 
	Parameter ORI bound to: 5'b10100 
	Parameter XORI bound to: 5'b10101 
	Parameter LW bound to: 5'b10110 
	Parameter SW bound to: 5'b10111 
	Parameter BEQ bound to: 5'b11000 
	Parameter BNE bound to: 5'b11001 
	Parameter SLTI bound to: 5'b11010 
	Parameter SLTIU bound to: 5'b11011 
	Parameter LUI bound to: 5'b11100 
	Parameter J bound to: 5'b11101 
	Parameter JAL bound to: 5'b11110 
INFO: [Synth 8-256] done synthesizing module 'ALU' (6#1) [D:/My_31CPU_pre/My_31CPU_pre.srcs/sources_1/new/ALU.v:23]
INFO: [Synth 8-638] synthesizing module 'regfile' [D:/My_31CPU_pre/My_31CPU_pre.srcs/sources_1/new/regfile.v:23]
CRITICAL WARNING: [Synth 8-5413] Mix of synchronous and asynchronous control for register array_reg_reg[31] in module regfile. [D:/My_31CPU_pre/My_31CPU_pre.srcs/sources_1/new/regfile.v:39]
CRITICAL WARNING: [Synth 8-5413] Mix of synchronous and asynchronous control for register array_reg_reg[30] in module regfile. [D:/My_31CPU_pre/My_31CPU_pre.srcs/sources_1/new/regfile.v:39]
CRITICAL WARNING: [Synth 8-5413] Mix of synchronous and asynchronous control for register array_reg_reg[29] in module regfile. [D:/My_31CPU_pre/My_31CPU_pre.srcs/sources_1/new/regfile.v:39]
CRITICAL WARNING: [Synth 8-5413] Mix of synchronous and asynchronous control for register array_reg_reg[28] in module regfile. [D:/My_31CPU_pre/My_31CPU_pre.srcs/sources_1/new/regfile.v:39]
CRITICAL WARNING: [Synth 8-5413] Mix of synchronous and asynchronous control for register array_reg_reg[27] in module regfile. [D:/My_31CPU_pre/My_31CPU_pre.srcs/sources_1/new/regfile.v:39]
CRITICAL WARNING: [Synth 8-5413] Mix of synchronous and asynchronous control for register array_reg_reg[26] in module regfile. [D:/My_31CPU_pre/My_31CPU_pre.srcs/sources_1/new/regfile.v:39]
CRITICAL WARNING: [Synth 8-5413] Mix of synchronous and asynchronous control for register array_reg_reg[25] in module regfile. [D:/My_31CPU_pre/My_31CPU_pre.srcs/sources_1/new/regfile.v:39]
CRITICAL WARNING: [Synth 8-5413] Mix of synchronous and asynchronous control for register array_reg_reg[24] in module regfile. [D:/My_31CPU_pre/My_31CPU_pre.srcs/sources_1/new/regfile.v:39]
CRITICAL WARNING: [Synth 8-5413] Mix of synchronous and asynchronous control for register array_reg_reg[23] in module regfile. [D:/My_31CPU_pre/My_31CPU_pre.srcs/sources_1/new/regfile.v:39]
CRITICAL WARNING: [Synth 8-5413] Mix of synchronous and asynchronous control for register array_reg_reg[22] in module regfile. [D:/My_31CPU_pre/My_31CPU_pre.srcs/sources_1/new/regfile.v:39]
CRITICAL WARNING: [Synth 8-5413] Mix of synchronous and asynchronous control for register array_reg_reg[21] in module regfile. [D:/My_31CPU_pre/My_31CPU_pre.srcs/sources_1/new/regfile.v:39]
CRITICAL WARNING: [Synth 8-5413] Mix of synchronous and asynchronous control for register array_reg_reg[20] in module regfile. [D:/My_31CPU_pre/My_31CPU_pre.srcs/sources_1/new/regfile.v:39]
CRITICAL WARNING: [Synth 8-5413] Mix of synchronous and asynchronous control for register array_reg_reg[19] in module regfile. [D:/My_31CPU_pre/My_31CPU_pre.srcs/sources_1/new/regfile.v:39]
CRITICAL WARNING: [Synth 8-5413] Mix of synchronous and asynchronous control for register array_reg_reg[18] in module regfile. [D:/My_31CPU_pre/My_31CPU_pre.srcs/sources_1/new/regfile.v:39]
CRITICAL WARNING: [Synth 8-5413] Mix of synchronous and asynchronous control for register array_reg_reg[17] in module regfile. [D:/My_31CPU_pre/My_31CPU_pre.srcs/sources_1/new/regfile.v:39]
CRITICAL WARNING: [Synth 8-5413] Mix of synchronous and asynchronous control for register array_reg_reg[16] in module regfile. [D:/My_31CPU_pre/My_31CPU_pre.srcs/sources_1/new/regfile.v:39]
CRITICAL WARNING: [Synth 8-5413] Mix of synchronous and asynchronous control for register array_reg_reg[15] in module regfile. [D:/My_31CPU_pre/My_31CPU_pre.srcs/sources_1/new/regfile.v:39]
CRITICAL WARNING: [Synth 8-5413] Mix of synchronous and asynchronous control for register array_reg_reg[14] in module regfile. [D:/My_31CPU_pre/My_31CPU_pre.srcs/sources_1/new/regfile.v:39]
CRITICAL WARNING: [Synth 8-5413] Mix of synchronous and asynchronous control for register array_reg_reg[13] in module regfile. [D:/My_31CPU_pre/My_31CPU_pre.srcs/sources_1/new/regfile.v:39]
CRITICAL WARNING: [Synth 8-5413] Mix of synchronous and asynchronous control for register array_reg_reg[12] in module regfile. [D:/My_31CPU_pre/My_31CPU_pre.srcs/sources_1/new/regfile.v:39]
CRITICAL WARNING: [Synth 8-5413] Mix of synchronous and asynchronous control for register array_reg_reg[11] in module regfile. [D:/My_31CPU_pre/My_31CPU_pre.srcs/sources_1/new/regfile.v:39]
CRITICAL WARNING: [Synth 8-5413] Mix of synchronous and asynchronous control for register array_reg_reg[10] in module regfile. [D:/My_31CPU_pre/My_31CPU_pre.srcs/sources_1/new/regfile.v:39]
CRITICAL WARNING: [Synth 8-5413] Mix of synchronous and asynchronous control for register array_reg_reg[9] in module regfile. [D:/My_31CPU_pre/My_31CPU_pre.srcs/sources_1/new/regfile.v:39]
CRITICAL WARNING: [Synth 8-5413] Mix of synchronous and asynchronous control for register array_reg_reg[8] in module regfile. [D:/My_31CPU_pre/My_31CPU_pre.srcs/sources_1/new/regfile.v:39]
CRITICAL WARNING: [Synth 8-5413] Mix of synchronous and asynchronous control for register array_reg_reg[7] in module regfile. [D:/My_31CPU_pre/My_31CPU_pre.srcs/sources_1/new/regfile.v:39]
CRITICAL WARNING: [Synth 8-5413] Mix of synchronous and asynchronous control for register array_reg_reg[6] in module regfile. [D:/My_31CPU_pre/My_31CPU_pre.srcs/sources_1/new/regfile.v:39]
CRITICAL WARNING: [Synth 8-5413] Mix of synchronous and asynchronous control for register array_reg_reg[5] in module regfile. [D:/My_31CPU_pre/My_31CPU_pre.srcs/sources_1/new/regfile.v:39]
CRITICAL WARNING: [Synth 8-5413] Mix of synchronous and asynchronous control for register array_reg_reg[4] in module regfile. [D:/My_31CPU_pre/My_31CPU_pre.srcs/sources_1/new/regfile.v:39]
CRITICAL WARNING: [Synth 8-5413] Mix of synchronous and asynchronous control for register array_reg_reg[3] in module regfile. [D:/My_31CPU_pre/My_31CPU_pre.srcs/sources_1/new/regfile.v:39]
CRITICAL WARNING: [Synth 8-5413] Mix of synchronous and asynchronous control for register array_reg_reg[2] in module regfile. [D:/My_31CPU_pre/My_31CPU_pre.srcs/sources_1/new/regfile.v:39]
CRITICAL WARNING: [Synth 8-5413] Mix of synchronous and asynchronous control for register array_reg_reg[1] in module regfile. [D:/My_31CPU_pre/My_31CPU_pre.srcs/sources_1/new/regfile.v:39]
CRITICAL WARNING: [Synth 8-5413] Mix of synchronous and asynchronous control for register array_reg_reg[0] in module regfile. [D:/My_31CPU_pre/My_31CPU_pre.srcs/sources_1/new/regfile.v:39]
INFO: [Synth 8-256] done synthesizing module 'regfile' (7#1) [D:/My_31CPU_pre/My_31CPU_pre.srcs/sources_1/new/regfile.v:23]
INFO: [Synth 8-638] synthesizing module 'PC' [D:/My_31CPU_pre/My_31CPU_pre.srcs/sources_1/new/PC.v:22]
CRITICAL WARNING: [Synth 8-5413] Mix of synchronous and asynchronous control for register pc_reg_reg in module PC. [D:/My_31CPU_pre/My_31CPU_pre.srcs/sources_1/new/PC.v:33]
INFO: [Synth 8-256] done synthesizing module 'PC' (8#1) [D:/My_31CPU_pre/My_31CPU_pre.srcs/sources_1/new/PC.v:22]
INFO: [Synth 8-256] done synthesizing module 'CPU' (9#1) [D:/My_31CPU_pre/My_31CPU_pre.srcs/sources_1/new/CPU.v:25]
INFO: [Synth 8-256] done synthesizing module 'sccomp_dataflow' (10#1) [D:/My_31CPU_pre/My_31CPU_pre.srcs/sources_1/new/sccomp_dataflow.v:23]
WARNING: [Synth 8-3331] design Controler has unconnected port mux[0]
WARNING: [Synth 8-3331] design DMEM has unconnected port DMEM_addr_in[10]
WARNING: [Synth 8-3331] design DMEM has unconnected port DMEM_addr_in[9]
WARNING: [Synth 8-3331] design DMEM has unconnected port DMEM_addr_in[8]
WARNING: [Synth 8-3331] design DMEM has unconnected port DMEM_addr_in[7]
WARNING: [Synth 8-3331] design DMEM has unconnected port DMEM_addr_in[6]
WARNING: [Synth 8-3331] design DMEM has unconnected port DMEM_addr_in[5]
---------------------------------------------------------------------------------
Finished RTL Elaboration : Time (s): cpu = 00:00:05 ; elapsed = 00:00:10 . Memory (MB): peak = 342.324 ; gain = 135.156
---------------------------------------------------------------------------------

Report Check Netlist: 
+------+------------------+-------+---------+-------+------------------+
|      |Item              |Errors |Warnings |Status |Description       |
+------+------------------+-------+---------+-------+------------------+
|1     |multi_driven_nets |      0|        0|Passed |Multi driven nets |
+------+------------------+-------+---------+-------+------------------+
---------------------------------------------------------------------------------
Finished RTL Optimization Phase 1 : Time (s): cpu = 00:00:05 ; elapsed = 00:00:10 . Memory (MB): peak = 342.324 ; gain = 135.156
---------------------------------------------------------------------------------
WARNING: [Project 1-486] Could not resolve non-primitive black box cell 'dist_mem_gen_0' instantiated as 'Imem/IMEM_coe' [D:/My_31CPU_pre/My_31CPU_pre.srcs/sources_1/new/IMEM.v:27]
INFO: [Device 21-403] Loading part xc7a100tcsg324-1
INFO: [Project 1-570] Preparing netlist for logic optimization

Processing XDC Constraints
Initializing timing engine
Parsing XDC File [D:/My_31CPU_pre/My_31CPU_pre.runs/synth_1/.Xil/Vivado-46316-LAPTOP-0BFPH7CU/dcp/dist_mem_gen_0_in_context.xdc] for cell 'Imem/IMEM_coe'
Finished Parsing XDC File [D:/My_31CPU_pre/My_31CPU_pre.runs/synth_1/.Xil/Vivado-46316-LAPTOP-0BFPH7CU/dcp/dist_mem_gen_0_in_context.xdc] for cell 'Imem/IMEM_coe'
Completed Processing XDC Constraints

INFO: [Project 1-111] Unisim Transformation Summary:
No Unisim elements were transformed.

Constraint Validation Runtime : Time (s): cpu = 00:00:00 ; elapsed = 00:00:00.003 . Memory (MB): peak = 645.656 ; gain = 0.000
---------------------------------------------------------------------------------
Finished Constraint Validation : Time (s): cpu = 00:00:11 ; elapsed = 00:00:17 . Memory (MB): peak = 645.656 ; gain = 438.488
---------------------------------------------------------------------------------
---------------------------------------------------------------------------------
Start Loading Part and Timing Information
---------------------------------------------------------------------------------
Loading part: xc7a100tcsg324-1
---------------------------------------------------------------------------------
Finished Loading Part and Timing Information : Time (s): cpu = 00:00:11 ; elapsed = 00:00:17 . Memory (MB): peak = 645.656 ; gain = 438.488
---------------------------------------------------------------------------------
---------------------------------------------------------------------------------
Start Applying 'set_property' XDC Constraints
---------------------------------------------------------------------------------
---------------------------------------------------------------------------------
Finished applying 'set_property' XDC Constraints : Time (s): cpu = 00:00:11 ; elapsed = 00:00:17 . Memory (MB): peak = 645.656 ; gain = 438.488
---------------------------------------------------------------------------------
INFO: [Synth 8-5546] ROM "addi_ena" won't be mapped to RAM because it is too sparse
INFO: [Synth 8-5546] ROM "addiu_ena" won't be mapped to RAM because it is too sparse
INFO: [Synth 8-5546] ROM "andi_ena" won't be mapped to RAM because it is too sparse
INFO: [Synth 8-5546] ROM "ori_ena" won't be mapped to RAM because it is too sparse
INFO: [Synth 8-5546] ROM "xori_ena" won't be mapped to RAM because it is too sparse
INFO: [Synth 8-5546] ROM "lw_ena" won't be mapped to RAM because it is too sparse
INFO: [Synth 8-5546] ROM "sw_ena" won't be mapped to RAM because it is too sparse
INFO: [Synth 8-5546] ROM "beq_ena" won't be mapped to RAM because it is too sparse
INFO: [Synth 8-5546] ROM "bne_ena" won't be mapped to RAM because it is too sparse
INFO: [Synth 8-5546] ROM "slti_ena" won't be mapped to RAM because it is too sparse
INFO: [Synth 8-5546] ROM "sltiu_ena" won't be mapped to RAM because it is too sparse
INFO: [Synth 8-5546] ROM "lui_ena" won't be mapped to RAM because it is too sparse
INFO: [Synth 8-5546] ROM "j_ena" won't be mapped to RAM because it is too sparse
INFO: [Synth 8-5546] ROM "jal_ena" won't be mapped to RAM because it is too sparse
INFO: [Synth 8-5545] ROM "Z" won't be mapped to RAM because address size (33) is larger than maximum supported(25)
INFO: [Synth 8-5546] ROM "array_reg_reg[31]" won't be mapped to RAM because it is too sparse
INFO: [Synth 8-5546] ROM "array_reg_reg[30]" won't be mapped to RAM because it is too sparse
INFO: [Synth 8-5546] ROM "array_reg_reg[29]" won't be mapped to RAM because it is too sparse
INFO: [Synth 8-5546] ROM "array_reg_reg[28]" won't be mapped to RAM because it is too sparse
INFO: [Synth 8-5546] ROM "array_reg_reg[27]" won't be mapped to RAM because it is too sparse
INFO: [Synth 8-5546] ROM "array_reg_reg[26]" won't be mapped to RAM because it is too sparse
INFO: [Synth 8-5546] ROM "array_reg_reg[25]" won't be mapped to RAM because it is too sparse
INFO: [Synth 8-5546] ROM "array_reg_reg[24]" won't be mapped to RAM because it is too sparse
INFO: [Synth 8-5546] ROM "array_reg_reg[23]" won't be mapped to RAM because it is too sparse
INFO: [Synth 8-5546] ROM "array_reg_reg[22]" won't be mapped to RAM because it is too sparse
INFO: [Synth 8-5546] ROM "array_reg_reg[21]" won't be mapped to RAM because it is too sparse
INFO: [Synth 8-5546] ROM "array_reg_reg[20]" won't be mapped to RAM because it is too sparse
INFO: [Synth 8-5546] ROM "array_reg_reg[19]" won't be mapped to RAM because it is too sparse
INFO: [Synth 8-5546] ROM "array_reg_reg[18]" won't be mapped to RAM because it is too sparse
INFO: [Synth 8-5546] ROM "array_reg_reg[17]" won't be mapped to RAM because it is too sparse
INFO: [Synth 8-5546] ROM "array_reg_reg[16]" won't be mapped to RAM because it is too sparse
INFO: [Synth 8-5546] ROM "array_reg_reg[15]" won't be mapped to RAM because it is too sparse
INFO: [Synth 8-5546] ROM "array_reg_reg[14]" won't be mapped to RAM because it is too sparse
INFO: [Synth 8-5546] ROM "array_reg_reg[13]" won't be mapped to RAM because it is too sparse
INFO: [Synth 8-5546] ROM "array_reg_reg[12]" won't be mapped to RAM because it is too sparse
INFO: [Synth 8-5546] ROM "array_reg_reg[11]" won't be mapped to RAM because it is too sparse
INFO: [Synth 8-5546] ROM "array_reg_reg[10]" won't be mapped to RAM because it is too sparse
INFO: [Synth 8-5546] ROM "array_reg_reg[9]" won't be mapped to RAM because it is too sparse
INFO: [Synth 8-5546] ROM "array_reg_reg[8]" won't be mapped to RAM because it is too sparse
INFO: [Synth 8-5546] ROM "array_reg_reg[7]" won't be mapped to RAM because it is too sparse
INFO: [Synth 8-5546] ROM "array_reg_reg[6]" won't be mapped to RAM because it is too sparse
INFO: [Synth 8-5546] ROM "array_reg_reg[5]" won't be mapped to RAM because it is too sparse
INFO: [Synth 8-5546] ROM "array_reg_reg[4]" won't be mapped to RAM because it is too sparse
INFO: [Synth 8-5546] ROM "array_reg_reg[3]" won't be mapped to RAM because it is too sparse
INFO: [Synth 8-5546] ROM "array_reg_reg[2]" won't be mapped to RAM because it is too sparse
INFO: [Synth 8-5546] ROM "array_reg_reg[1]" won't be mapped to RAM because it is too sparse
INFO: [Synth 8-5546] ROM "array_reg_reg[0]" won't be mapped to RAM because it is too sparse
---------------------------------------------------------------------------------
Finished RTL Optimization Phase 2 : Time (s): cpu = 00:00:12 ; elapsed = 00:00:17 . Memory (MB): peak = 645.656 ; gain = 438.488
---------------------------------------------------------------------------------

Report RTL Partitions: 
+-+--------------+------------+----------+
| |RTL Partition |Replication |Instances |
+-+--------------+------------+----------+
+-+--------------+------------+----------+
---------------------------------------------------------------------------------
Start RTL Component Statistics 
---------------------------------------------------------------------------------
Detailed RTL Component Info : 
+---Adders : 
	   2 Input     33 Bit       Adders := 2     
	   3 Input     33 Bit       Adders := 2     
	   2 Input     32 Bit       Adders := 3     
+---XORs : 
	   2 Input     33 Bit         XORs := 1     
+---RAMs : 
	             1024 Bit         RAMs := 1     
+---Muxes : 
	  12 Input     33 Bit        Muxes := 1     
	   2 Input     32 Bit        Muxes := 19    
	   2 Input      5 Bit        Muxes := 4     
	  27 Input      4 Bit        Muxes := 1     
	   2 Input      2 Bit        Muxes := 1     
	   2 Input      1 Bit        Muxes := 87    
---------------------------------------------------------------------------------
Finished RTL Component Statistics 
---------------------------------------------------------------------------------
---------------------------------------------------------------------------------
Start RTL Hierarchical Component Statistics 
---------------------------------------------------------------------------------
Hierarchical RTL Component report 
Module sccomp_dataflow 
Detailed RTL Component Info : 
+---Adders : 
	   2 Input     32 Bit       Adders := 1     
Module DMEM 
Detailed RTL Component Info : 
+---RAMs : 
	             1024 Bit         RAMs := 1     
Module Decoder 
Detailed RTL Component Info : 
+---Muxes : 
	   2 Input      5 Bit        Muxes := 4     
	   2 Input      1 Bit        Muxes := 51    
Module Controler 
Detailed RTL Component Info : 
+---Muxes : 
	   2 Input      1 Bit        Muxes := 2     
Module ALU 
Detailed RTL Component Info : 
+---Adders : 
	   2 Input     33 Bit       Adders := 2     
	   3 Input     33 Bit       Adders := 2     
+---XORs : 
	   2 Input     33 Bit         XORs := 1     
+---Muxes : 
	  12 Input     33 Bit        Muxes := 1     
	  27 Input      4 Bit        Muxes := 1     
	   2 Input      2 Bit        Muxes := 1     
	   2 Input      1 Bit        Muxes := 1     
Module regfile 
Detailed RTL Component Info : 
+---Muxes : 
	   2 Input      1 Bit        Muxes := 32    
Module CPU 
Detailed RTL Component Info : 
+---Adders : 
	   2 Input     32 Bit       Adders := 2     
+---Muxes : 
	   2 Input     32 Bit        Muxes := 19    
	   2 Input      1 Bit        Muxes := 1     
---------------------------------------------------------------------------------
Finished RTL Hierarchical Component Statistics
---------------------------------------------------------------------------------
---------------------------------------------------------------------------------
Start Part Resource Summary
---------------------------------------------------------------------------------
Part Resources:
DSPs: 240 (col length:80)
BRAMs: 270 (col length: RAMB18 80 RAMB36 40)
---------------------------------------------------------------------------------
Finished Part Resource Summary
---------------------------------------------------------------------------------
Start Parallel Synthesis Optimization  : Time (s): cpu = 00:00:12 ; elapsed = 00:00:18 . Memory (MB): peak = 645.656 ; gain = 438.488
---------------------------------------------------------------------------------
Start Cross Boundary Optimization
---------------------------------------------------------------------------------
INFO: [Synth 8-5545] ROM "Z" won't be mapped to RAM because address size (33) is larger than maximum supported(25)
INFO: [Synth 8-5546] ROM "sccpu/Decoder_inst/slti_ena" won't be mapped to RAM because it is too sparse
INFO: [Synth 8-5546] ROM "sccpu/Decoder_inst/sltiu_ena" won't be mapped to RAM because it is too sparse
INFO: [Synth 8-5546] ROM "sccpu/Decoder_inst/lui_ena" won't be mapped to RAM because it is too sparse
INFO: [Synth 8-5546] ROM "sccpu/Decoder_inst/addi_ena" won't be mapped to RAM because it is too sparse
INFO: [Synth 8-5546] ROM "sccpu/Decoder_inst/lw_ena" won't be mapped to RAM because it is too sparse
INFO: [Synth 8-5546] ROM "sccpu/Decoder_inst/xori_ena" won't be mapped to RAM because it is too sparse
INFO: [Synth 8-5546] ROM "sccpu/Decoder_inst/ori_ena" won't be mapped to RAM because it is too sparse
INFO: [Synth 8-5546] ROM "sccpu/Decoder_inst/andi_ena" won't be mapped to RAM because it is too sparse
INFO: [Synth 8-5546] ROM "sccpu/Decoder_inst/addiu_ena" won't be mapped to RAM because it is too sparse
INFO: [Synth 8-5546] ROM "sccpu/Decoder_inst/sw_ena" won't be mapped to RAM because it is too sparse
INFO: [Synth 8-5546] ROM "sccpu/Decoder_inst/beq_ena" won't be mapped to RAM because it is too sparse
INFO: [Synth 8-5546] ROM "sccpu/Decoder_inst/bne_ena" won't be mapped to RAM because it is too sparse
INFO: [Synth 8-5546] ROM "sccpu/Decoder_inst/j_ena" won't be mapped to RAM because it is too sparse
INFO: [Synth 8-5546] ROM "sccpu/Decoder_inst/jal_ena" won't be mapped to RAM because it is too sparse
---------------------------------------------------------------------------------
Finished Cross Boundary Optimization : Time (s): cpu = 00:00:12 ; elapsed = 00:00:18 . Memory (MB): peak = 645.656 ; gain = 438.488
---------------------------------------------------------------------------------
Finished Parallel Reinference  : Time (s): cpu = 00:00:12 ; elapsed = 00:00:18 . Memory (MB): peak = 645.656 ; gain = 438.488

Report RTL Partitions: 
+-+--------------+------------+----------+
| |RTL Partition |Replication |Instances |
+-+--------------+------------+----------+
+-+--------------+------------+----------+
---------------------------------------------------------------------------------
Start ROM, RAM, DSP and Shift Register Reporting
---------------------------------------------------------------------------------

Distributed RAM: Preliminary Mapping  Report (see note below)
+----------------+---------------+-----------+----------------------+-----------------+
|Module Name     | RTL Object    | Inference | Size (Depth x Width) | Primitives      | 
+----------------+---------------+-----------+----------------------+-----------------+
|sccomp_dataflow | dmem/dmem_reg | Implied   | 32 x 32              | RAM32X1S x 32   | 
+----------------+---------------+-----------+----------------------+-----------------+

Note: The table above is a preliminary report that shows the Distributed RAMs at the current stage of the synthesis flow. Some Distributed RAMs may be reimplemented as non Distributed RAM primitives later in the synthesis flow. Multiple instantiated RAMs are reported only once.
---------------------------------------------------------------------------------
Finished ROM, RAM, DSP and Shift Register Reporting
---------------------------------------------------------------------------------
---------------------------------------------------------------------------------
Start Area Optimization
---------------------------------------------------------------------------------
---------------------------------------------------------------------------------
Finished Area Optimization : Time (s): cpu = 00:00:52 ; elapsed = 00:00:57 . Memory (MB): peak = 645.656 ; gain = 438.488
---------------------------------------------------------------------------------
Finished Parallel Area Optimization  : Time (s): cpu = 00:00:52 ; elapsed = 00:00:57 . Memory (MB): peak = 645.656 ; gain = 438.488

Report RTL Partitions: 
+-+--------------+------------+----------+
| |RTL Partition |Replication |Instances |
+-+--------------+------------+----------+
+-+--------------+------------+----------+
---------------------------------------------------------------------------------
Start Timing Optimization
---------------------------------------------------------------------------------
---------------------------------------------------------------------------------
Start Applying XDC Timing Constraints
---------------------------------------------------------------------------------
---------------------------------------------------------------------------------
Finished Applying XDC Timing Constraints : Time (s): cpu = 00:00:59 ; elapsed = 00:01:05 . Memory (MB): peak = 645.656 ; gain = 438.488
---------------------------------------------------------------------------------
---------------------------------------------------------------------------------
Finished Timing Optimization : Time (s): cpu = 00:01:09 ; elapsed = 00:01:15 . Memory (MB): peak = 645.656 ; gain = 438.488
---------------------------------------------------------------------------------

Report RTL Partitions: 
+-+--------------+------------+----------+
| |RTL Partition |Replication |Instances |
+-+--------------+------------+----------+
+-+--------------+------------+----------+
---------------------------------------------------------------------------------
Start Technology Mapping
---------------------------------------------------------------------------------
---------------------------------------------------------------------------------
Finished Technology Mapping : Time (s): cpu = 00:01:14 ; elapsed = 00:01:20 . Memory (MB): peak = 705.477 ; gain = 498.309
---------------------------------------------------------------------------------
Finished Parallel Technology Mapping Optimization  : Time (s): cpu = 00:01:14 ; elapsed = 00:01:20 . Memory (MB): peak = 705.477 ; gain = 498.309

Report RTL Partitions: 
+-+--------------+------------+----------+
| |RTL Partition |Replication |Instances |
+-+--------------+------------+----------+
+-+--------------+------------+----------+
Finished Parallel Synthesis Optimization  : Time (s): cpu = 00:01:14 ; elapsed = 00:01:20 . Memory (MB): peak = 705.477 ; gain = 498.309
---------------------------------------------------------------------------------
Start IO Insertion
---------------------------------------------------------------------------------
---------------------------------------------------------------------------------
Start Flattening Before IO Insertion
---------------------------------------------------------------------------------
---------------------------------------------------------------------------------
Finished Flattening Before IO Insertion
---------------------------------------------------------------------------------
---------------------------------------------------------------------------------
Start Final Netlist Cleanup
---------------------------------------------------------------------------------
---------------------------------------------------------------------------------
Finished Final Netlist Cleanup
---------------------------------------------------------------------------------
---------------------------------------------------------------------------------
Finished IO Insertion : Time (s): cpu = 00:01:15 ; elapsed = 00:01:21 . Memory (MB): peak = 705.477 ; gain = 498.309
---------------------------------------------------------------------------------

Report Check Netlist: 
+------+------------------+-------+---------+-------+------------------+
|      |Item              |Errors |Warnings |Status |Description       |
+------+------------------+-------+---------+-------+------------------+
|1     |multi_driven_nets |      0|        0|Passed |Multi driven nets |
+------+------------------+-------+---------+-------+------------------+
---------------------------------------------------------------------------------
Start Renaming Generated Instances
---------------------------------------------------------------------------------
---------------------------------------------------------------------------------
Finished Renaming Generated Instances : Time (s): cpu = 00:01:15 ; elapsed = 00:01:21 . Memory (MB): peak = 705.477 ; gain = 498.309
---------------------------------------------------------------------------------

Report RTL Partitions: 
+-+--------------+------------+----------+
| |RTL Partition |Replication |Instances |
+-+--------------+------------+----------+
+-+--------------+------------+----------+
---------------------------------------------------------------------------------
Start Rebuilding User Hierarchy
---------------------------------------------------------------------------------
---------------------------------------------------------------------------------
Finished Rebuilding User Hierarchy : Time (s): cpu = 00:01:15 ; elapsed = 00:01:21 . Memory (MB): peak = 705.477 ; gain = 498.309
---------------------------------------------------------------------------------
---------------------------------------------------------------------------------
Start Renaming Generated Ports
---------------------------------------------------------------------------------
---------------------------------------------------------------------------------
Finished Renaming Generated Ports : Time (s): cpu = 00:01:15 ; elapsed = 00:01:21 . Memory (MB): peak = 705.477 ; gain = 498.309
---------------------------------------------------------------------------------
---------------------------------------------------------------------------------
Start Handling Custom Attributes
---------------------------------------------------------------------------------
---------------------------------------------------------------------------------
Finished Handling Custom Attributes : Time (s): cpu = 00:01:15 ; elapsed = 00:01:21 . Memory (MB): peak = 705.477 ; gain = 498.309
---------------------------------------------------------------------------------
---------------------------------------------------------------------------------
Start Renaming Generated Nets
---------------------------------------------------------------------------------
---------------------------------------------------------------------------------
Finished Renaming Generated Nets : Time (s): cpu = 00:01:15 ; elapsed = 00:01:21 . Memory (MB): peak = 705.477 ; gain = 498.309
---------------------------------------------------------------------------------
---------------------------------------------------------------------------------
Start Writing Synthesis Report
---------------------------------------------------------------------------------

Report BlackBoxes: 
+------+---------------+----------+
|      |BlackBox name  |Instances |
+------+---------------+----------+
|1     |dist_mem_gen_0 |         1|
+------+---------------+----------+

Report Cell Usage: 
+------+---------------+------+
|      |Cell           |Count |
+------+---------------+------+
|1     |dist_mem_gen_0 |     1|
|2     |BUFG           |     1|
|3     |CARRY4         |    60|
|4     |LUT1           |    38|
|5     |LUT2           |   342|
|6     |LUT3           |   124|
|7     |LUT4           |   121|
|8     |LUT5           |   176|
|9     |LUT6           |  1093|
|10    |MUXF7          |   263|
|11    |MUXF8          |    70|
|12    |RAM32X1S       |    32|
|13    |FDRE           |  1055|
|14    |FDSE           |     1|
|15    |IBUF           |     2|
|16    |OBUF           |    64|
+------+---------------+------+

Report Instance Areas: 
+------+------------+--------+------+
|      |Instance    |Module  |Cells |
+------+------------+--------+------+
|1     |top         |        |  3474|
|2     |  Imem      |IMEM    |  1205|
|3     |  dmem      |DMEM    |    65|
|4     |  sccpu     |CPU     |  2136|
|5     |    PC_inst |PC      |    64|
|6     |    cpu_ref |regfile |  1948|
+------+------------+--------+------+
---------------------------------------------------------------------------------
Finished Writing Synthesis Report : Time (s): cpu = 00:01:15 ; elapsed = 00:01:21 . Memory (MB): peak = 705.477 ; gain = 498.309
---------------------------------------------------------------------------------
Synthesis finished with 0 errors, 0 critical warnings and 0 warnings.
Synthesis Optimization Runtime : Time (s): cpu = 00:01:06 ; elapsed = 00:01:10 . Memory (MB): peak = 705.477 ; gain = 166.723
Synthesis Optimization Complete : Time (s): cpu = 00:01:15 ; elapsed = 00:01:21 . Memory (MB): peak = 705.477 ; gain = 498.309
INFO: [Project 1-571] Translating synthesized netlist
INFO: [Netlist 29-17] Analyzing 94 Unisim elements for replacement
INFO: [Netlist 29-28] Unisim Transformation completed in 0 CPU seconds
INFO: [Project 1-570] Preparing netlist for logic optimization
INFO: [Opt 31-138] Pushed 3 inverter(s) to 1088 load pin(s).
INFO: [Project 1-111] Unisim Transformation Summary:
  A total of 32 instances were transformed.
  RAM32X1S => RAM32X1S (inverted pins: WCLK) (RAMS32): 32 instances

INFO: [Common 17-83] Releasing license: Synthesis
93 Infos, 8 Warnings, 33 Critical Warnings and 0 Errors encountered.
synth_design completed successfully
synth_design: Time (s): cpu = 00:01:15 ; elapsed = 00:01:16 . Memory (MB): peak = 705.477 ; gain = 474.523
report_utilization: Time (s): cpu = 00:00:00 ; elapsed = 00:00:00.024 . Memory (MB): peak = 705.477 ; gain = 0.000
INFO: [Common 17-206] Exiting Vivado at Tue Jun 06 23:05:54 2023...
