INFO: [VRFC 10-2263] Analyzing Verilog file "D:/My_31CPU_pre/My_31CPU_pre.ip_user_files/ipstatic/dist_mem_gen_v8_0_10/simulation/dist_mem_gen_v8_0.v" into library dist_mem_gen_v8_0_10
INFO: [VRFC 10-311] analyzing module dist_mem_gen_v8_0_10
INFO: [VRFC 10-2263] Analyzing Verilog file "D:/My_31CPU_pre/My_31CPU_pre.srcs/sources_1/ip/dist_mem_gen_0/sim/dist_mem_gen_0.v" into library xil_defaultlib
INFO: [VRFC 10-311] analyzing module dist_mem_gen_0
INFO: [VRFC 10-2263] Analyzing Verilog file "D:/My_31CPU_pre/My_31CPU_pre.srcs/sources_1/new/PC.v" into library xil_defaultlib
INFO: [VRFC 10-311] analyzing module PC
INFO: [VRFC 10-2263] Analyzing Verilog file "D:/My_31CPU_pre/My_31CPU_pre.srcs/sources_1/new/Decoder.v" into library xil_defaultlib
INFO: [VRFC 10-311] analyzing module Decoder
INFO: [VRFC 10-2263] Analyzing Verilog file "D:/My_31CPU_pre/My_31CPU_pre.srcs/sources_1/new/Controler.v" into library xil_defaultlib
INFO: [VRFC 10-311] analyzing module Controler
INFO: [VRFC 10-2263] Analyzing Verilog file "D:/My_31CPU_pre/My_31CPU_pre.srcs/sources_1/new/ALU.v" into library xil_defaultlib
INFO: [VRFC 10-311] analyzing module ALU
INFO: [VRFC 10-2263] Analyzing Verilog file "D:/My_31CPU_pre/My_31CPU_pre.srcs/sources_1/new/regfile.v" into library xil_defaultlib
INFO: [VRFC 10-311] analyzing module regfile
INFO: [VRFC 10-2263] Analyzing Verilog file "D:/My_31CPU_pre/My_31CPU_pre.srcs/sources_1/new/IMEM.v" into library xil_defaultlib
INFO: [VRFC 10-311] analyzing module IMEM
INFO: [VRFC 10-2263] Analyzing Verilog file "D:/My_31CPU_pre/My_31CPU_pre.srcs/sources_1/new/DMEM.v" into library xil_defaultlib
INFO: [VRFC 10-311] analyzing module DMEM
INFO: [VRFC 10-2263] Analyzing Verilog file "D:/My_31CPU_pre/My_31CPU_pre.srcs/sources_1/new/CPU.v" into library xil_defaultlib
INFO: [VRFC 10-311] analyzing module CPU
INFO: [VRFC 10-2458] undeclared symbol beq_bne_ena, assumed default net type wire [D:/My_31CPU_pre/My_31CPU_pre.srcs/sources_1/new/CPU.v:154]
INFO: [VRFC 10-2263] Analyzing Verilog file "D:/My_31CPU_pre/My_31CPU_pre.srcs/sources_1/new/sccomp_dataflow.v" into library xil_defaultlib
INFO: [VRFC 10-311] analyzing module sccomp_dataflow
INFO: [VRFC 10-2263] Analyzing Verilog file "D:/My_31CPU_pre/My_31CPU_pre.srcs/sim_1/new/cpu_tb.v" into library xil_defaultlib
INFO: [VRFC 10-311] analyzing module cpu_tb
INFO: [VRFC 10-2263] Analyzing Verilog file "D:/My_31CPU_pre/My_31CPU_pre.sim/sim_1/behav/glbl.v" into library xil_defaultlib
INFO: [VRFC 10-311] analyzing module glbl
