Unable to capture context for thread 38388 in process 896, can not generate back trace
Unable to capture context for thread 38388 in process 896, can not generate back trace
Exception at PC 0x00007FFDAED0BB93
Printing stacktrace...

Exception at PC 0x00007FFDE8B1CF19
Exception at PC 0x00007FFDE8B1CF19
Exception at PC 0x00007FFDE8B1CF19
Exception at PC 0x00007FFDE8B1CF19
Exception at PC 0x00007FFDE8B1CF19
Exception at PC 0x00007FFDE8B1CF19
Exception at PC 0x00007FFDE8B1CF19
[0]  [0x00007FFDAED0BB93]
[1]  [0x00007FFDAED0BB93]
[2]  [0x00007FFDAED0B4A1]
[3]  [0x00007FFDAED0B3EF]
[4]  [0x00007FFDAECF19FE]
[5]  [0x00007FFDAECF0ED1]
[6]  [0x00007FFDAECF0D76]
[7]  [0x00007FFDAEC979F6]
[8]  [0x00007FFDAEC87AFB]
[9]  [0x00007FFDAEDAE90A]
[10]  [0x00007FFDAEDC9F87]
[11]  [0x00007FFDAEDCA05F]
[12] (BaseThreadInitThunk+0x14) [0x00007FFDE9C57614]
[13] (RtlUserThreadStart+0x21) [0x00007FFDEB0826A1]
Done
Exception at PC 0x00007FFDE8B1CF19
Exception at PC 0x00007FFDE8B1CF19
Exception at PC 0x00007FFDE8B1CF19
Exception at PC 0x00007FFDE8B1CF19
Exception at PC 0x00007FFDE8B1CF19
Exception at PC 0x00007FFDE8B1CF19
Exception at PC 0x00007FFDE8B1CF19
Exception at PC 0x00007FFDE8B1CF19
Exception at PC 0x00007FFDE8B1CF19
Exception at PC 0x00007FFDE8B1CF19
Exception at PC 0x00007FFDE8B1CF19
