Unable to capture context for thread 41948 in process 42380, can not generate back trace
Unable to capture context for thread 41948 in process 42380, can not generate back trace
Exception at PC 0x00007FFD3754BB93
Printing stacktrace...

Exception at PC 0x00007FFDE8B1CF19
Exception at PC 0x00007FFDE8B1CF19
Exception at PC 0x00007FFDE8B1CF19
Exception at PC 0x00007FFDE8B1CF19
Exception at PC 0x00007FFDE8B1CF19
Exception at PC 0x00007FFDE8B1CF19
Exception at PC 0x00007FFDE8B1CF19
Exception at PC 0x00007FFDE8B1CF19
[0]  [0x00007FFD3754BB93]
[1]  [0x00007FFD3754BB93]
[2]  [0x00007FFD3754B4A1]
[3]  [0x00007FFD3754B3EF]
[4]  [0x00007FFD375319FE]
[5]  [0x00007FFD37530ED1]
[6]  [0x00007FFD37530D76]
[7]  [0x00007FFD374D79F6]
[8]  [0x00007FFD374C7AFB]
[9]  [0x00007FFD375EE90A]
[10]  [0x00007FFD37609F87]
[11]  [0x00007FFD3760A05F]
[12] (BaseThreadInitThunk+0x14) [0x00007FFDE9C57614]
[13] (RtlUserThreadStart+0x21) [0x00007FFDEB0826A1]
Done
Exception at PC 0x00007FFDE8B1CF19
Exception at PC 0x00007FFDE8B1CF19
Exception at PC 0x00007FFDE8B1CF19
Exception at PC 0x00007FFDE8B1CF19
Exception at PC 0x00007FFDE8B1CF19
Exception at PC 0x00007FFDE8B1CF19
Exception at PC 0x00007FFDE8B1CF19
Exception at PC 0x00007FFDE8B1CF19
Exception at PC 0x00007FFDE8B1CF19
Exception at PC 0x00007FFDE8B1CF19
